-------------------------------------------------------------------------------
Test set: com.example.demo.FreshPieceApplicationTests
-------------------------------------------------------------------------------
Tests run: 1, Failures: 0, Errors: 1, Skipped: 0, Time elapsed: 0.129 s <<< FAILURE! - in com.example.demo.FreshPieceApplicationTests
com.example.demo.FreshPieceApplicationTests  Time elapsed: 0.128 s  <<< ERROR!
java.lang.IllegalStateException: Unable to find a @SpringBootConfiguration, you need to use @ContextConfiguration or @SpringBootTest(classes=...) with your test

